[debug] [2021-11-14T17:35:54.913Z] ----------------------------------------------------------------------
[debug] [2021-11-14T17:35:54.917Z] Command:       C:\Program Files\nodejs\node.exe C:\Program Files\nodejs\node_modules\firebase-tools\lib\bin\firebase.js init
[debug] [2021-11-14T17:35:54.917Z] CLI Version:   9.16.0
[debug] [2021-11-14T17:35:54.918Z] Platform:      win32
[debug] [2021-11-14T17:35:54.918Z] Node Version:  v16.1.0
[debug] [2021-11-14T17:35:54.920Z] Time:          Sun Nov 14 2021 22:35:54 GMT+0500 (Pakistan Standard Time)
[debug] [2021-11-14T17:35:54.920Z] ----------------------------------------------------------------------
[debug] 
[debug] [2021-11-14T17:35:54.937Z] > command requires scopes: ["email","openid","https://www.googleapis.com/auth/cloudplatformprojects.readonly","https://www.googleapis.com/auth/firebase","https://www.googleapis.com/auth/cloud-platform"]
[debug] [2021-11-14T17:35:54.938Z] > authorizing via signed-in user (m.anasseth012@gmail.com)
[info] 
     ######## #### ########  ######## ########     ###     ######  ########
     ##        ##  ##     ## ##       ##     ##  ##   ##  ##       ##
     ######    ##  ########  ######   ########  #########  ######  ######
     ##        ##  ##    ##  ##       ##     ## ##     ##       ## ##
     ##       #### ##     ## ######## ########  ##     ##  ######  ########

You're about to initialize a Firebase project in this directory:

  C:\New - Client - Projects\Pharmik-Dashboard

Before we get started, keep in mind:

  * You are currently outside your home directory

